============================= test session starts =============================
platform win32 -- Python 3.14.3, pytest-9.0.2, pluggy-1.6.0
rootdir: C:\Users\ghost\Documents\codebases\secamo-poc
configfile: pytest.ini
plugins: anyio-4.12.1, asyncio-1.3.0, mock-3.15.1
asyncio: mode=Mode.AUTO, debug=False, asyncio_default_fixture_loop_scope=None, asyncio_default_test_loop_scope=function
collected 146 items

tests\approval\test_approval_callbacks_and_templates.py ...              [  2%]
tests\approval\test_hitl_token_store.py ...                              [  4%]
tests\auth\test_auth_registry_and_cache.py ....                          [  6%]
tests\auth\test_auth_validators.py ......                                [ 10%]
tests\contracts\test_ingress_phase1_architecture_guardrails.py FFF       [ 13%]
tests\e2e\test_ingress_intent_fanout_e2e.py .                            [ 13%]
tests\normalization\test_normalization_boundary_guardrails.py FFF        [ 15%]
tests\normalization\test_signal_and_intent_contracts.py ...F             [ 18%]
tests\routing\test_route_registry.py .....                               [ 21%]
tests\test_activities\test_audit_activities.py ..                        [ 23%]
tests\test_activities\test_connector_dispatch.py ......                  [ 27%]
tests\test_activities\test_graph_alerts_activities.py ......             [ 31%]
tests\test_activities\test_hitl_dispatch_activity.py ..                  [ 32%]
tests\test_activities\test_hitl_token_workflow_target.py .               [ 33%]
tests\test_activities\test_identity_activities.py ....                   [ 36%]
tests\test_activities\test_notifications_activities.py .F..              [ 39%]
tests\test_activities\test_tenant_config.py ....                         [ 41%]
tests\test_activities\test_ticketing_activities.py ....                  [ 44%]
tests\test_connectors_resilience.py ..........                           [ 51%]
tests\test_graph_client.py .....                                         [ 54%]
tests\test_graph_webhook_routing.py ...                                  [ 56%]
tests\test_hitl_child_identity_rebind.py .                               [ 57%]
tests\test_ingress_graph_notifications.py ...                            [ 59%]
tests\test_ingress_hitl_respond.py .....                                 [ 63%]
tests\test_ingress_mappers.py ....                                       [ 65%]
tests\test_jira_provisioner.py ...                                       [ 67%]
tests\test_models.py ........                                            [ 73%]
tests\test_providers_factory_capabilities.py ....                        [ 76%]
tests\test_stub_connectors.py ...................................        [100%]

================================== FAILURES ===================================
___________ test_phase1_modules_have_required_docstring_constraints ___________
tests\contracts\test_ingress_phase1_architecture_guardrails.py:40: in test_phase1_modules_have_required_docstring_constraints
    content = module.read_text(encoding="utf-8")
              ^^^^^^^^^^^^^^^^^^^^^^^^^^^^^^^^^^
C:\Python314\Lib\pathlib\__init__.py:787: in read_text
    with self.open(mode='r', encoding=encoding, errors=errors, newline=newline) as f:
         ^^^^^^^^^^^^^^^^^^^^^^^^^^^^^^^^^^^^^^^^^^^^^^^^^^^^^^^^^^^^^^^^^^^^^^
C:\Python314\Lib\pathlib\__init__.py:771: in open
    return io.open(self, mode, buffering, encoding, errors, newline)
           ^^^^^^^^^^^^^^^^^^^^^^^^^^^^^^^^^^^^^^^^^^^^^^^^^^^^^^^^^
E   FileNotFoundError: [Errno 2] No such file or directory: 'C:\\Users\\ghost\\Documents\\codebases\\secamo-poc\\shared\\ingress\\__init__.py'
_________________ test_phase1_modules_exclude_provider_terms __________________
tests\contracts\test_ingress_phase1_architecture_guardrails.py:49: in test_phase1_modules_exclude_provider_terms
    content_lower = module.read_text(encoding="utf-8").lower()
                    ^^^^^^^^^^^^^^^^^^^^^^^^^^^^^^^^^^
C:\Python314\Lib\pathlib\__init__.py:787: in read_text
    with self.open(mode='r', encoding=encoding, errors=errors, newline=newline) as f:
         ^^^^^^^^^^^^^^^^^^^^^^^^^^^^^^^^^^^^^^^^^^^^^^^^^^^^^^^^^^^^^^^^^^^^^^
C:\Python314\Lib\pathlib\__init__.py:771: in open
    return io.open(self, mode, buffering, encoding, errors, newline)
           ^^^^^^^^^^^^^^^^^^^^^^^^^^^^^^^^^^^^^^^^^^^^^^^^^^^^^^^^^
E   FileNotFoundError: [Errno 2] No such file or directory: 'C:\\Users\\ghost\\Documents\\codebases\\secamo-poc\\shared\\ingress\\__init__.py'
___________________ test_phase1_modules_exclude_sdk_imports ___________________
tests\contracts\test_ingress_phase1_architecture_guardrails.py:56: in test_phase1_modules_exclude_sdk_imports
    content_lower = module.read_text(encoding="utf-8").lower()
                    ^^^^^^^^^^^^^^^^^^^^^^^^^^^^^^^^^^
C:\Python314\Lib\pathlib\__init__.py:787: in read_text
    with self.open(mode='r', encoding=encoding, errors=errors, newline=newline) as f:
         ^^^^^^^^^^^^^^^^^^^^^^^^^^^^^^^^^^^^^^^^^^^^^^^^^^^^^^^^^^^^^^^^^^^^^^
C:\Python314\Lib\pathlib\__init__.py:771: in open
    return io.open(self, mode, buffering, encoding, errors, newline)
           ^^^^^^^^^^^^^^^^^^^^^^^^^^^^^^^^^^^^^^^^^^^^^^^^^^^^^^^^^
E   FileNotFoundError: [Errno 2] No such file or directory: 'C:\\Users\\ghost\\Documents\\codebases\\secamo-poc\\shared\\ingress\\__init__.py'
___________ test_internal_canonical_module_declares_private_intent ____________
tests\normalization\test_normalization_boundary_guardrails.py:22: in test_internal_canonical_module_declares_private_intent
    content = (REPO_ROOT / "shared" / "normalization" / "internal_canonical.py").read_text(encoding="utf-8").lower()
              ^^^^^^^^^^^^^^^^^^^^^^^^^^^^^^^^^^^^^^^^^^^^^^^^^^^^^^^^^^^^^^^^^^^^^^^^^^^^^^^^^^^^^^^^^^^^^^
C:\Python314\Lib\pathlib\__init__.py:787: in read_text
    with self.open(mode='r', encoding=encoding, errors=errors, newline=newline) as f:
         ^^^^^^^^^^^^^^^^^^^^^^^^^^^^^^^^^^^^^^^^^^^^^^^^^^^^^^^^^^^^^^^^^^^^^^
C:\Python314\Lib\pathlib\__init__.py:771: in open
    return io.open(self, mode, buffering, encoding, errors, newline)
           ^^^^^^^^^^^^^^^^^^^^^^^^^^^^^^^^^^^^^^^^^^^^^^^^^^^^^^^^^
E   FileNotFoundError: [Errno 2] No such file or directory: 'C:\\Users\\ghost\\Documents\\codebases\\secamo-poc\\shared\\normalization\\internal_canonical.py'
_______ test_non_normalization_modules_do_not_import_internal_canonical _______
tests\normalization\test_normalization_boundary_guardrails.py:28: in test_non_normalization_modules_do_not_import_internal_canonical
    content = module.read_text(encoding="utf-8")
              ^^^^^^^^^^^^^^^^^^^^^^^^^^^^^^^^^^
C:\Python314\Lib\pathlib\__init__.py:787: in read_text
    with self.open(mode='r', encoding=encoding, errors=errors, newline=newline) as f:
         ^^^^^^^^^^^^^^^^^^^^^^^^^^^^^^^^^^^^^^^^^^^^^^^^^^^^^^^^^^^^^^^^^^^^^^
C:\Python314\Lib\pathlib\__init__.py:771: in open
    return io.open(self, mode, buffering, encoding, errors, newline)
           ^^^^^^^^^^^^^^^^^^^^^^^^^^^^^^^^^^^^^^^^^^^^^^^^^^^^^^^^^
E   FileNotFoundError: [Errno 2] No such file or directory: 'C:\\Users\\ghost\\Documents\\codebases\\secamo-poc\\shared\\ingress\\contracts.py'
_____ test_public_normalization_surface_exports_no_legacy_intent_contract _____
tests\normalization\test_normalization_boundary_guardrails.py:33: in test_public_normalization_surface_exports_no_legacy_intent_contract
    content = (REPO_ROOT / "shared" / "normalization" / "__init__.py").read_text(encoding="utf-8")
              ^^^^^^^^^^^^^^^^^^^^^^^^^^^^^^^^^^^^^^^^^^^^^^^^^^^^^^^^^^^^^^^^^^^^^^^^^^^^^^^^^^^^
C:\Python314\Lib\pathlib\__init__.py:787: in read_text
    with self.open(mode='r', encoding=encoding, errors=errors, newline=newline) as f:
         ^^^^^^^^^^^^^^^^^^^^^^^^^^^^^^^^^^^^^^^^^^^^^^^^^^^^^^^^^^^^^^^^^^^^^^
C:\Python314\Lib\pathlib\__init__.py:771: in open
    return io.open(self, mode, buffering, encoding, errors, newline)
           ^^^^^^^^^^^^^^^^^^^^^^^^^^^^^^^^^^^^^^^^^^^^^^^^^^^^^^^^^
E   FileNotFoundError: [Errno 2] No such file or directory: 'C:\\Users\\ghost\\Documents\\codebases\\secamo-poc\\shared\\normalization\\__init__.py'
_____________ test_signal_gateway_dispatches_expected_signal_name _____________
tests\normalization\test_signal_and_intent_contracts.py:107: in test_signal_gateway_dispatches_expected_signal_name
    assert call["payload"]["actor"] == "reviewer@example.com"
           ^^^^^^^^^^^^^^^^^^^^^^^^
E   KeyError: 'actor'
___ test_teams_send_notification_loads_fallback_webhook_from_tenant_secrets ___
activities\tenant.py:334: in get_tenant_secrets
    ssm_parameters = await asyncio.to_thread(_ssm_get_parameters_by_path, path, True)
                     ^^^^^^^^^^^^^^^^^^^^^^^^^^^^^^^^^^^^^^^^^^^^^^^^^^^^^^^^^^^^^^^^
C:\Python314\Lib\asyncio\threads.py:25: in to_thread
    return await loop.run_in_executor(None, func_call)
           ^^^^^^^^^^^^^^^^^^^^^^^^^^^^^^^^^^^^^^^^^^^
C:\Python314\Lib\concurrent\futures\thread.py:86: in run
    result = ctx.run(self.task)
             ^^^^^^^^^^^^^^^^^^
C:\Python314\Lib\concurrent\futures\thread.py:73: in run
    return fn(*args, **kwargs)
           ^^^^^^^^^^^^^^^^^^^
activities\tenant.py:52: in _ssm_get_parameters_by_path
    response = client.get_parameters_by_path(**request)
               ^^^^^^^^^^^^^^^^^^^^^^^^^^^^^^^^^^^^^^^^
.venv\Lib\site-packages\botocore\client.py:602: in _api_call
    return self._make_api_call(operation_name, kwargs)
           ^^^^^^^^^^^^^^^^^^^^^^^^^^^^^^^^^^^^^^^^^^^
.venv\Lib\site-packages\botocore\context.py:123: in wrapper
    return func(*args, **kwargs)
           ^^^^^^^^^^^^^^^^^^^^^
.venv\Lib\site-packages\botocore\client.py:1060: in _make_api_call
    http, parsed_response = self._make_request(
.venv\Lib\site-packages\botocore\client.py:1084: in _make_request
    return self._endpoint.make_request(operation_model, request_dict)
           ^^^^^^^^^^^^^^^^^^^^^^^^^^^^^^^^^^^^^^^^^^^^^^^^^^^^^^^^^^
.venv\Lib\site-packages\botocore\endpoint.py:119: in make_request
    return self._send_request(request_dict, operation_model)
           ^^^^^^^^^^^^^^^^^^^^^^^^^^^^^^^^^^^^^^^^^^^^^^^^^
.venv\Lib\site-packages\botocore\endpoint.py:196: in _send_request
    request = self.create_request(request_dict, operation_model)
              ^^^^^^^^^^^^^^^^^^^^^^^^^^^^^^^^^^^^^^^^^^^^^^^^^^
.venv\Lib\site-packages\botocore\endpoint.py:132: in create_request
    self._event_emitter.emit(
.venv\Lib\site-packages\botocore\hooks.py:412: in emit
    return self._emitter.emit(aliased_event_name, **kwargs)
           ^^^^^^^^^^^^^^^^^^^^^^^^^^^^^^^^^^^^^^^^^^^^^^^^
.venv\Lib\site-packages\botocore\hooks.py:256: in emit
    return self._emit(event_name, kwargs)
           ^^^^^^^^^^^^^^^^^^^^^^^^^^^^^^
.venv\Lib\site-packages\botocore\hooks.py:239: in _emit
    response = handler(**kwargs)
               ^^^^^^^^^^^^^^^^^
.venv\Lib\site-packages\botocore\signers.py:108: in handler
    return self.sign(operation_name, request)
           ^^^^^^^^^^^^^^^^^^^^^^^^^^^^^^^^^^
.venv\Lib\site-packages\botocore\signers.py:200: in sign
    auth.add_auth(request)
.venv\Lib\site-packages\botocore\auth.py:429: in add_auth
    raise NoCredentialsError()
E   botocore.exceptions.NoCredentialsError: Unable to locate credentials

During handling of the above exception, another exception occurred:
tests\test_activities\test_notifications_activities.py:41: in test_teams_send_notification_loads_fallback_webhook_from_tenant_secrets
    res = await teams_send_notification("t1", "", "hello")
          ^^^^^^^^^^^^^^^^^^^^^^^^^^^^^^^^^^^^^^^^^^^^^^^^
activities\communications.py:74: in teams_send_notification
    secrets = load_tenant_secrets(tenant_id, "graph")
              ^^^^^^^^^^^^^^^^^^^^^^^^^^^^^^^^^^^^^^^
activities\_tenant_secrets.py:38: in load_tenant_secrets
    return pool.submit(asyncio.run, get_tenant_secrets(tenant_id, secret_type)).result()
           ^^^^^^^^^^^^^^^^^^^^^^^^^^^^^^^^^^^^^^^^^^^^^^^^^^^^^^^^^^^^^^^^^^^^^^^^^^^^^
C:\Python314\Lib\concurrent\futures\_base.py:450: in result
    return self.__get_result()
           ^^^^^^^^^^^^^^^^^^^
C:\Python314\Lib\concurrent\futures\_base.py:395: in __get_result
    raise self._exception
C:\Python314\Lib\concurrent\futures\thread.py:86: in run
    result = ctx.run(self.task)
             ^^^^^^^^^^^^^^^^^^
C:\Python314\Lib\concurrent\futures\thread.py:73: in run
    return fn(*args, **kwargs)
           ^^^^^^^^^^^^^^^^^^^
C:\Python314\Lib\asyncio\runners.py:204: in run
    return runner.run(main)
           ^^^^^^^^^^^^^^^^
C:\Python314\Lib\asyncio\runners.py:127: in run
    return self._loop.run_until_complete(task)
           ^^^^^^^^^^^^^^^^^^^^^^^^^^^^^^^^^^^
C:\Python314\Lib\asyncio\base_events.py:719: in run_until_complete
    return future.result()
           ^^^^^^^^^^^^^^^
activities\tenant.py:337: in get_tenant_secrets
    raise ApplicationError(
E   temporalio.exceptions.ApplicationError: SSMError: Fout bij ophalen tenant configuratie: Unable to locate credentials
------------------------------ Captured log call ------------------------------
ERROR    temporalio.activity:tenant.py:336 Fout bij ophalen SSM parameters voor t1: Unable to locate credentials
=========================== short test summary info ===========================
FAILED tests/contracts/test_ingress_phase1_architecture_guardrails.py::test_phase1_modules_have_required_docstring_constraints
FAILED tests/contracts/test_ingress_phase1_architecture_guardrails.py::test_phase1_modules_exclude_provider_terms
FAILED tests/contracts/test_ingress_phase1_architecture_guardrails.py::test_phase1_modules_exclude_sdk_imports
FAILED tests/normalization/test_normalization_boundary_guardrails.py::test_internal_canonical_module_declares_private_intent
FAILED tests/normalization/test_normalization_boundary_guardrails.py::test_non_normalization_modules_do_not_import_internal_canonical
FAILED tests/normalization/test_normalization_boundary_guardrails.py::test_public_normalization_surface_exports_no_legacy_intent_contract
FAILED tests/normalization/test_signal_and_intent_contracts.py::test_signal_gateway_dispatches_expected_signal_name
FAILED tests/test_activities/test_notifications_activities.py::test_teams_send_notification_loads_fallback_webhook_from_tenant_secrets
======================== 8 failed, 138 passed in 3.36s ========================
